# JRE version: Java(TM) SE Runtime Environment (8.0_11-b12) (build 1.8.0_11-b12)
# Java VM: Java HotSpot(TM) 64-Bit Server VM (25.11-b03 mixed mode windows-amd64 compressed oops)
Heap:
 PSYoungGen      total 1024K, used 529K [0x00000000ebc00000, 0x00000000ebe00000, 0x0000000100000000)
  eden space 512K, 9% used [0x00000000ebc00000,0x00000000ebc0c5a0,0x00000000ebc80000)
  from space 512K, 93% used [0x00000000ebc80000,0x00000000ebcf8020,0x00000000ebd00000)
  to   space 512K, 0% used [0x00000000ebd80000,0x00000000ebd80000,0x00000000ebe00000)
 ParOldGen       total 61952K, used 297K [0x00000000c3400000, 0x00000000c7080000, 0x00000000ebc00000)
  object space 61952K, 0% used [0x00000000c3400000,0x00000000c344a640,0x00000000c7080000)
 Metaspace       used 3836K, capacity 4704K, committed 4864K, reserved 1056768K
  class space    used 425K, capacity 464K, committed 512K, reserved 1048576K
GC Heap History (6 events):
Event: 75.093 GC heap before
{Heap before GC invocations=1 (full 0):
 PSYoungGen      total 1024K, used 512K [0x00000000ebc00000, 0x00000000ebd80000, 0x0000000100000000)
  eden space 512K, 100% used [0x00000000ebc00000,0x00000000ebc80000,0x00000000ebc80000)
  from space 512K, 0% used [0x00000000ebd00000,0x00000000ebd00000,0x00000000ebd80000)
  to   space 512K, 0% used [0x00000000ebc80000,0x00000000ebc80000,0x00000000ebd00000)
 ParOldGen       total 61952K, used 0K [0x00000000c3400000, 0x00000000c7080000, 0x00000000ebc00000)
  object space 61952K, 0% used [0x00000000c3400000,0x00000000c3400000,0x00000000c7080000)
 Metaspace       used 2530K, capacity 4480K, committed 4480K, reserved 1056768K
  class space    used 275K, capacity 384K, committed 384K, reserved 1048576K
Event: 76.620 GC heap after
Heap after GC invocations=1 (full 0):
 PSYoungGen      total 1024K, used 496K [0x00000000ebc00000, 0x00000000ebd80000, 0x0000000100000000)
  eden space 512K, 0% used [0x00000000ebc00000,0x00000000ebc00000,0x00000000ebc80000)
  from space 512K, 96% used [0x00000000ebc80000,0x00000000ebcfc010,0x00000000ebd00000)
  to   space 512K, 0% used [0x00000000ebd00000,0x00000000ebd00000,0x00000000ebd80000)
 ParOldGen       total 61952K, used 0K [0x00000000c3400000, 0x00000000c7080000, 0x00000000ebc00000)
  object space 61952K, 0% used [0x00000000c3400000,0x00000000c3400000,0x00000000c7080000)
 Metaspace       used 2530K, capacity 4480K, committed 4480K, reserved 1056768K
  class space    used 275K, capacity 384K, committed 384K, reserved 1048576K
}
Event: 95.057 GC heap before
{Heap before GC invocations=2 (full 0):
 PSYoungGen      total 1024K, used 1008K [0x00000000ebc00000, 0x00000000ebd80000, 0x0000000100000000)
  eden space 512K, 100% used [0x00000000ebc00000,0x00000000ebc80000,0x00000000ebc80000)
  from space 512K, 96% used [0x00000000ebc80000,0x00000000ebcfc010,0x00000000ebd00000)
  to   space 512K, 0% used [0x00000000ebd00000,0x00000000ebd00000,0x00000000ebd80000)
 ParOldGen       total 61952K, used 0K [0x00000000c3400000, 0x00000000c7080000, 0x00000000ebc00000)
  object space 61952K, 0% used [0x00000000c3400000,0x00000000c3400000,0x00000000c7080000)
 Metaspace       used 3196K, capacity 4600K, committed 4864K, reserved 1056768K
  class space    used 350K, capacity 424K, committed 512K, reserved 1048576K
Event: 95.059 GC heap after
Heap after GC invocations=2 (full 0):
 PSYoungGen      total 1024K, used 480K [0x00000000ebc00000, 0x00000000ebd80000, 0x0000000100000000)
  eden space 512K, 0% used [0x00000000ebc00000,0x00000000ebc00000,0x00000000ebc80000)
  from space 512K, 93% used [0x00000000ebd00000,0x00000000ebd78020,0x00000000ebd80000)
  to   space 512K, 0% used [0x00000000ebc80000,0x00000000ebc80000,0x00000000ebd00000)
 ParOldGen       total 61952K, used 105K [0x00000000c3400000, 0x00000000c7080000, 0x00000000ebc00000)
  object space 61952K, 0% used [0x00000000c3400000,0x00000000c341a590,0x00000000c7080000)
 Metaspace       used 3196K, capacity 4600K, committed 4864K, reserved 1056768K
  class space    used 350K, capacity 424K, committed 512K, reserved 1048576K
}
Event: 105.368 GC heap before
{Heap before GC invocations=3 (full 0):
 PSYoungGen      total 1024K, used 992K [0x00000000ebc00000, 0x00000000ebd80000, 0x0000000100000000)
  eden space 512K, 100% used [0x00000000ebc00000,0x00000000ebc80000,0x00000000ebc80000)
  from space 512K, 93% used [0x00000000ebd00000,0x00000000ebd78020,0x00000000ebd80000)
  to   space 512K, 0% used [0x00000000ebc80000,0x00000000ebc80000,0x00000000ebd00000)
 ParOldGen       total 61952K, used 105K [0x00000000c3400000, 0x00000000c7080000, 0x00000000ebc00000)
  object space 61952K, 0% used [0x00000000c3400000,0x00000000c341a590,0x00000000c7080000)
 Metaspace       used 3591K, capacity 4664K, committed 4864K, reserved 1056768K
  class space    used 395K, capacity 424K, committed 512K, reserved 1048576K
Event: 106.499 GC heap after
Heap after GC invocations=3 (full 0):
 PSYoungGen      total 1024K, used 480K [0x00000000ebc00000, 0x00000000ebe00000, 0x0000000100000000)
  eden space 512K, 0% used [0x00000000ebc00000,0x00000000ebc00000,0x00000000ebc80000)
  from space 512K, 93% used [0x00000000ebc80000,0x00000000ebcf8020,0x00000000ebd00000)
  to   space 512K, 0% used [0x00000000ebd80000,0x00000000ebd80000,0x00000000ebe00000)
 ParOldGen       total 61952K, used 297K [0x00000000c3400000, 0x00000000c7080000, 0x00000000ebc00000)
  object space 61952K, 0% used [0x00000000c3400000,0x00000000c344a640,0x00000000c7080000)
 Metaspace       used 3591K, capacity 4664K, committed 4864K, reserved 1056768K
  class space    used 395K, capacity 424K, committed 512K, reserved 1048576K
}

